<?xml version="1.0" encoding="UTF-8"?>
<coverage generated="1743317075353" clover="3.2.0">
  <project timestamp="1743317075353" name="All files">
    <metrics statements="164" coveredstatements="139" conditionals="53" coveredconditionals="40" methods="34" coveredmethods="32" elements="251" coveredelements="211" complexity="0" loc="164" ncloc="164" packages="2" files="3" classes="3"/>
    <package name="services">
      <metrics statements="153" coveredstatements="128" conditionals="49" coveredconditionals="36" methods="32" coveredmethods="30"/>
      <file name="gameManager.ts" path="/home/kunon/apps/ricochet_robots/server/src/services/gameManager.ts">
        <metrics statements="104" coveredstatements="81" conditionals="31" coveredconditionals="20" methods="23" coveredmethods="21"/>
        <line num="1" count="1" type="stmt"/>
        <line num="4" count="1" type="stmt"/>
        <line num="12" count="18" type="stmt"/>
        <line num="13" count="18" type="stmt"/>
        <line num="14" count="18" type="stmt"/>
        <line num="19" count="18" type="stmt"/>
        <line num="20" count="18" type="stmt"/>
        <line num="21" count="52" type="stmt"/>
        <line num="28" count="18" type="stmt"/>
        <line num="42" count="16" type="cond" truecount="0" falsecount="1"/>
        <line num="43" count="0" type="stmt"/>
        <line num="46" count="16" type="cond" truecount="1" falsecount="0"/>
        <line num="47" count="1" type="stmt"/>
        <line num="50" count="15" type="stmt"/>
        <line num="51" count="15" type="stmt"/>
        <line num="55" count="69" type="stmt"/>
        <line num="56" count="69" type="stmt"/>
        <line num="57" count="69" type="stmt"/>
        <line num="58" count="69" type="stmt"/>
        <line num="59" count="69" type="stmt"/>
        <line num="62" count="69" type="stmt"/>
        <line num="63" count="61" type="stmt"/>
        <line num="68" count="134" type="stmt"/>
        <line num="70" count="134" type="cond" truecount="0" falsecount="1"/>
        <line num="71" count="0" type="stmt"/>
        <line num="74" count="134" type="stmt"/>
        <line num="75" count="134" type="stmt"/>
        <line num="77" count="134" type="stmt"/>
        <line num="78" count="915" type="stmt"/>
        <line num="79" count="915" type="stmt"/>
        <line num="81" count="915" type="stmt"/>
        <line num="82" count="915" type="stmt"/>
        <line num="85" count="915" type="cond" truecount="1" falsecount="0"/>
        <line num="86" count="915" type="stmt"/>
        <line num="89" count="915" type="cond" truecount="1" falsecount="0"/>
        <line num="90" count="122" type="stmt"/>
        <line num="91" count="122" type="stmt"/>
        <line num="97" count="73" type="cond" truecount="1" falsecount="0"/>
        <line num="98" count="2" type="stmt"/>
        <line num="101" count="71" type="cond" truecount="3" falsecount="0"/>
        <line num="102" count="2" type="stmt"/>
        <line num="105" count="69" type="stmt"/>
        <line num="111" count="69" type="stmt"/>
        <line num="120" count="61" type="stmt"/>
        <line num="123" count="61" type="stmt"/>
        <line num="126" count="61" type="stmt"/>
        <line num="127" count="14" type="cond" truecount="1" falsecount="0"/>
        <line num="128" count="10" type="stmt"/>
        <line num="130" count="4" type="stmt"/>
        <line num="134" count="68" type="stmt"/>
        <line num="137" count="61" type="cond" truecount="2" falsecount="0"/>
        <line num="139" count="60" type="stmt"/>
        <line num="140" count="60" type="stmt"/>
        <line num="143" count="1" type="stmt"/>
        <line num="148" count="65" type="stmt"/>
        <line num="149" count="65" type="stmt"/>
        <line num="150" count="65" type="stmt"/>
        <line num="151" count="65" type="stmt"/>
        <line num="152" count="65" type="stmt"/>
        <line num="155" count="65" type="stmt"/>
        <line num="156" count="61" type="stmt"/>
        <line num="161" count="1" type="cond" truecount="1" falsecount="0"/>
        <line num="162" count="1" type="stmt"/>
        <line num="165" count="0" type="cond" truecount="0" falsecount="1"/>
        <line num="166" count="0" type="stmt"/>
        <line num="169" count="0" type="stmt"/>
        <line num="170" count="0" type="cond" truecount="0" falsecount="1"/>
        <line num="172" count="0" type="stmt"/>
        <line num="175" count="0" type="cond" truecount="0" falsecount="1"/>
        <line num="176" count="0" type="stmt"/>
        <line num="180" count="0" type="stmt"/>
        <line num="187" count="0" type="cond" truecount="0" falsecount="1"/>
        <line num="188" count="0" type="stmt"/>
        <line num="196" count="0" type="stmt"/>
        <line num="200" count="0" type="stmt"/>
        <line num="202" count="0" type="stmt"/>
        <line num="203" count="0" type="cond" truecount="0" falsecount="1"/>
        <line num="204" count="0" type="stmt"/>
        <line num="205" count="0" type="cond" truecount="0" falsecount="1"/>
        <line num="206" count="0" type="stmt"/>
        <line num="211" count="0" type="stmt"/>
        <line num="215" count="61" type="stmt"/>
        <line num="217" count="61" type="stmt"/>
        <line num="218" count="61" type="cond" truecount="0" falsecount="1"/>
        <line num="220" count="0" type="stmt"/>
        <line num="221" count="0" type="stmt"/>
        <line num="225" count="61" type="cond" truecount="1" falsecount="0"/>
        <line num="226" count="68" type="stmt"/>
        <line num="230" count="61" type="cond" truecount="4" falsecount="0"/>
        <line num="232" count="5" type="stmt"/>
        <line num="233" count="5" type="stmt"/>
        <line num="236" count="56" type="stmt"/>
        <line num="243" count="57" type="cond" truecount="1" falsecount="1"/>
        <line num="244" count="57" type="stmt"/>
        <line num="245" count="57" type="cond" truecount="2" falsecount="0"/>
        <line num="247" count="3" type="stmt"/>
        <line num="250" count="54" type="stmt"/>
        <line num="254" count="0" type="stmt"/>
        <line num="259" count="3" type="stmt"/>
        <line num="260" count="3" type="stmt"/>
        <line num="266" count="240" type="stmt"/>
        <line num="271" count="532" type="cond" truecount="1" falsecount="0"/>
        <line num="272" count="134" type="stmt"/>
        <line num="273" count="134" type="stmt"/>
      </file>
      <file name="roomManager.ts" path="/home/kunon/apps/ricochet_robots/server/src/services/roomManager.ts">
        <metrics statements="49" coveredstatements="47" conditionals="18" coveredconditionals="16" methods="9" coveredmethods="9"/>
        <line num="3" count="1" type="stmt"/>
        <line num="5" count="1" type="stmt"/>
        <line num="9" count="18" type="stmt"/>
        <line num="13" count="15" type="stmt"/>
        <line num="15" count="15" type="stmt"/>
        <line num="16" count="15" type="stmt"/>
        <line num="36" count="15" type="stmt"/>
        <line num="37" count="15" type="stmt"/>
        <line num="41" count="5" type="stmt"/>
        <line num="42" count="5" type="cond" truecount="1" falsecount="0"/>
        <line num="43" count="1" type="stmt"/>
        <line num="46" count="4" type="cond" truecount="3" falsecount="0"/>
        <line num="47" count="1" type="stmt"/>
        <line num="50" count="3" type="cond" truecount="1" falsecount="0"/>
        <line num="51" count="1" type="stmt"/>
        <line num="54" count="2" type="cond" truecount="0" falsecount="1"/>
        <line num="55" count="0" type="stmt"/>
        <line num="58" count="2" type="stmt"/>
        <line num="67" count="2" type="stmt"/>
        <line num="68" count="2" type="stmt"/>
        <line num="69" count="2" type="stmt"/>
        <line num="73" count="3" type="stmt"/>
        <line num="74" count="3" type="cond" truecount="0" falsecount="1"/>
        <line num="75" count="0" type="stmt"/>
        <line num="78" count="3" type="cond" truecount="1" falsecount="0"/>
        <line num="79" count="1" type="stmt"/>
        <line num="82" count="2" type="stmt"/>
        <line num="83" count="2" type="stmt"/>
        <line num="86" count="2" type="cond" truecount="2" falsecount="0"/>
        <line num="87" count="1" type="stmt"/>
        <line num="90" count="1" type="cond" truecount="1" falsecount="0"/>
        <line num="91" count="1" type="stmt"/>
        <line num="92" count="1" type="stmt"/>
        <line num="93" count="1" type="stmt"/>
        <line num="96" count="2" type="stmt"/>
        <line num="100" count="2" type="stmt"/>
        <line num="111" count="6" type="stmt"/>
        <line num="115" count="3" type="stmt"/>
        <line num="116" count="3" type="cond" truecount="1" falsecount="0"/>
        <line num="117" count="1" type="stmt"/>
        <line num="120" count="2" type="stmt"/>
        <line num="121" count="2" type="cond" truecount="1" falsecount="0"/>
        <line num="122" count="1" type="stmt"/>
        <line num="125" count="1" type="stmt"/>
        <line num="126" count="1" type="stmt"/>
        <line num="131" count="2" type="stmt"/>
        <line num="132" count="2" type="stmt"/>
        <line num="133" count="2" type="cond" truecount="1" falsecount="0"/>
        <line num="134" count="1" type="stmt"/>
      </file>
    </package>
    <package name="types">
      <metrics statements="11" coveredstatements="11" conditionals="4" coveredconditionals="4" methods="2" coveredmethods="2"/>
      <file name="game.ts" path="/home/kunon/apps/ricochet_robots/server/src/types/game.ts">
        <metrics statements="11" coveredstatements="11" conditionals="4" coveredconditionals="4" methods="2" coveredmethods="2"/>
        <line num="8" count="1" type="cond" truecount="2" falsecount="0"/>
        <line num="9" count="1" type="stmt"/>
        <line num="10" count="1" type="stmt"/>
        <line num="11" count="1" type="stmt"/>
        <line num="12" count="1" type="stmt"/>
        <line num="15" count="1" type="cond" truecount="2" falsecount="0"/>
        <line num="16" count="1" type="stmt"/>
        <line num="17" count="1" type="stmt"/>
        <line num="18" count="1" type="stmt"/>
        <line num="19" count="1" type="stmt"/>
        <line num="69" count="1" type="stmt"/>
      </file>
    </package>
  </project>
</coverage>
