<?xml version="1.0" encoding="UTF-8"?>
<coverage generated="1743829792772" clover="3.2.0">
  <project timestamp="1743829792772" name="All files">
    <metrics statements="286" coveredstatements="160" conditionals="74" coveredconditionals="36" methods="50" coveredmethods="34" elements="410" coveredelements="230" complexity="0" loc="286" ncloc="286" packages="3" files="5" classes="5"/>
    <package name="services">
      <metrics statements="265" coveredstatements="139" conditionals="68" coveredconditionals="30" methods="47" coveredmethods="31"/>
      <file name="cardDeck.ts" path="/home/kunon/apps/ricochet_robots/server/src/services/cardDeck.ts">
        <metrics statements="43" coveredstatements="29" conditionals="9" coveredconditionals="5" methods="10" coveredmethods="9"/>
        <line num="1" count="2" type="stmt"/>
        <line num="2" count="2" type="stmt"/>
        <line num="9" count="2" type="stmt"/>
        <line num="15" count="36" type="stmt"/>
        <line num="16" count="36" type="stmt"/>
        <line num="17" count="36" type="stmt"/>
        <line num="18" count="36" type="stmt"/>
        <line num="19" count="36" type="stmt"/>
        <line num="23" count="36" type="stmt"/>
        <line num="26" count="36" type="stmt"/>
        <line num="27" count="720" type="stmt"/>
        <line num="29" count="576" type="stmt"/>
        <line num="30" count="576" type="cond" truecount="2" falsecount="0"/>
        <line num="31" count="240" type="stmt"/>
        <line num="33" count="336" type="stmt"/>
        <line num="39" count="36" type="stmt"/>
        <line num="40" count="36" type="cond" truecount="2" falsecount="0"/>
        <line num="41" count="15" type="stmt"/>
        <line num="46" count="21" type="stmt"/>
        <line num="50" count="36" type="stmt"/>
        <line num="51" count="36" type="stmt"/>
        <line num="55" count="0" type="stmt"/>
        <line num="56" count="0" type="stmt"/>
        <line num="57" count="0" type="cond" truecount="0" falsecount="1"/>
        <line num="58" count="0" type="stmt"/>
        <line num="59" count="0" type="stmt"/>
        <line num="62" count="0" type="stmt"/>
        <line num="67" count="36" type="stmt"/>
        <line num="68" count="240" type="stmt"/>
        <line num="69" count="240" type="stmt"/>
        <line num="74" count="17" type="cond" truecount="1" falsecount="0"/>
        <line num="75" count="17" type="stmt"/>
        <line num="76" count="17" type="stmt"/>
        <line num="79" count="0" type="stmt"/>
        <line num="80" count="0" type="stmt"/>
        <line num="82" count="0" type="cond" truecount="0" falsecount="1"/>
        <line num="83" count="0" type="stmt"/>
        <line num="85" count="0" type="stmt"/>
        <line num="91" count="0" type="stmt"/>
        <line num="98" count="0" type="stmt"/>
        <line num="100" count="0" type="stmt"/>
        <line num="104" count="54" type="stmt"/>
        <line num="108" count="36" type="stmt"/>
      </file>
      <file name="gameManager.ts" path="/home/kunon/apps/ricochet_robots/server/src/services/gameManager.ts">
        <metrics statements="154" coveredstatements="45" conditionals="35" coveredconditionals="5" methods="27" coveredmethods="12"/>
        <line num="1" count="2" type="stmt"/>
        <line num="2" count="2" type="stmt"/>
        <line num="4" count="2" type="stmt"/>
        <line num="10" count="2" type="stmt"/>
        <line num="17" count="2" type="stmt"/>
        <line num="27" count="36" type="stmt"/>
        <line num="28" count="36" type="stmt"/>
        <line num="29" count="36" type="stmt"/>
        <line num="30" count="36" type="stmt"/>
        <line num="31" count="36" type="stmt"/>
        <line num="32" count="36" type="stmt"/>
        <line num="36" count="36" type="stmt"/>
        <line num="37" count="36" type="stmt"/>
        <line num="38" count="76" type="stmt"/>
        <line num="45" count="36" type="stmt"/>
        <line num="58" count="0" type="stmt"/>
        <line num="64" count="19" type="stmt"/>
        <line num="66" count="19" type="cond" truecount="0" falsecount="1"/>
        <line num="67" count="0" type="stmt"/>
        <line num="70" count="19" type="cond" truecount="1" falsecount="0"/>
        <line num="71" count="1" type="stmt"/>
        <line num="75" count="18" type="stmt"/>
        <line num="78" count="18" type="stmt"/>
        <line num="79" count="18" type="stmt"/>
        <line num="80" count="18" type="stmt"/>
        <line num="82" count="18" type="stmt"/>
        <line num="83" count="18" type="stmt"/>
        <line num="87" count="0" type="stmt"/>
        <line num="88" count="0" type="stmt"/>
        <line num="89" count="0" type="stmt"/>
        <line num="90" count="0" type="stmt"/>
        <line num="91" count="0" type="stmt"/>
        <line num="95" count="0" type="stmt"/>
        <line num="99" count="0" type="stmt"/>
        <line num="101" count="0" type="cond" truecount="0" falsecount="1"/>
        <line num="102" count="0" type="stmt"/>
        <line num="105" count="0" type="stmt"/>
        <line num="106" count="0" type="stmt"/>
        <line num="108" count="0" type="stmt"/>
        <line num="109" count="0" type="stmt"/>
        <line num="110" count="0" type="stmt"/>
        <line num="112" count="0" type="stmt"/>
        <line num="113" count="0" type="stmt"/>
        <line num="116" count="0" type="stmt"/>
        <line num="117" count="0" type="cond" truecount="0" falsecount="1"/>
        <line num="118" count="0" type="stmt"/>
        <line num="119" count="0" type="stmt"/>
        <line num="122" count="0" type="cond" truecount="0" falsecount="1"/>
        <line num="123" count="0" type="stmt"/>
        <line num="124" count="0" type="stmt"/>
        <line num="133" count="17" type="cond" truecount="0" falsecount="1"/>
        <line num="134" count="0" type="stmt"/>
        <line num="136" count="0" type="stmt"/>
        <line num="139" count="17" type="stmt"/>
        <line num="140" count="17" type="cond" truecount="1" falsecount="0"/>
        <line num="141" count="17" type="stmt"/>
        <line num="142" count="17" type="stmt"/>
        <line num="143" count="17" type="stmt"/>
        <line num="146" count="0" type="stmt"/>
        <line num="147" count="0" type="stmt"/>
        <line num="149" count="0" type="stmt"/>
        <line num="151" count="0" type="stmt"/>
        <line num="156" count="10" type="cond" truecount="1" falsecount="0"/>
        <line num="157" count="10" type="stmt"/>
        <line num="160" count="0" type="cond" truecount="0" falsecount="3"/>
        <line num="161" count="0" type="stmt"/>
        <line num="164" count="0" type="stmt"/>
        <line num="170" count="0" type="stmt"/>
        <line num="171" count="0" type="stmt"/>
        <line num="174" count="0" type="cond" truecount="0" falsecount="1"/>
        <line num="175" count="0" type="stmt"/>
        <line num="176" count="0" type="stmt"/>
        <line num="177" count="0" type="stmt"/>
        <line num="182" count="0" type="stmt"/>
        <line num="185" count="0" type="stmt"/>
        <line num="188" count="0" type="stmt"/>
        <line num="189" count="0" type="cond" truecount="0" falsecount="1"/>
        <line num="190" count="0" type="stmt"/>
        <line num="192" count="0" type="stmt"/>
        <line num="196" count="0" type="stmt"/>
        <line num="199" count="0" type="cond" truecount="0" falsecount="2"/>
        <line num="201" count="0" type="stmt"/>
        <line num="202" count="0" type="stmt"/>
        <line num="205" count="0" type="stmt"/>
        <line num="207" count="0" type="stmt"/>
        <line num="211" count="0" type="stmt"/>
        <line num="212" count="0" type="stmt"/>
        <line num="213" count="0" type="stmt"/>
        <line num="214" count="0" type="stmt"/>
        <line num="215" count="0" type="stmt"/>
        <line num="218" count="0" type="stmt"/>
        <line num="219" count="0" type="stmt"/>
        <line num="221" count="0" type="stmt"/>
        <line num="225" count="0" type="cond" truecount="0" falsecount="1"/>
        <line num="226" count="0" type="stmt"/>
        <line num="229" count="0" type="cond" truecount="0" falsecount="1"/>
        <line num="230" count="0" type="stmt"/>
        <line num="233" count="0" type="stmt"/>
        <line num="234" count="0" type="cond" truecount="0" falsecount="1"/>
        <line num="236" count="0" type="stmt"/>
        <line num="239" count="0" type="cond" truecount="0" falsecount="1"/>
        <line num="240" count="0" type="stmt"/>
        <line num="244" count="0" type="stmt"/>
        <line num="250" count="0" type="stmt"/>
        <line num="253" count="0" type="cond" truecount="0" falsecount="1"/>
        <line num="254" count="0" type="stmt"/>
        <line num="262" count="0" type="stmt"/>
        <line num="266" count="0" type="stmt"/>
        <line num="268" count="0" type="stmt"/>
        <line num="269" count="0" type="cond" truecount="0" falsecount="1"/>
        <line num="270" count="0" type="stmt"/>
        <line num="271" count="0" type="cond" truecount="0" falsecount="1"/>
        <line num="272" count="0" type="stmt"/>
        <line num="277" count="0" type="stmt"/>
        <line num="278" count="0" type="stmt"/>
        <line num="282" count="0" type="stmt"/>
        <line num="284" count="0" type="stmt"/>
        <line num="285" count="0" type="cond" truecount="0" falsecount="1"/>
        <line num="287" count="0" type="stmt"/>
        <line num="288" count="0" type="stmt"/>
        <line num="293" count="0" type="cond" truecount="0" falsecount="1"/>
        <line num="294" count="0" type="stmt"/>
        <line num="298" count="0" type="cond" truecount="0" falsecount="4"/>
        <line num="300" count="0" type="stmt"/>
        <line num="301" count="0" type="stmt"/>
        <line num="304" count="0" type="stmt"/>
        <line num="306" count="0" type="stmt"/>
        <line num="313" count="0" type="stmt"/>
        <line num="315" count="0" type="cond" truecount="0" falsecount="2"/>
        <line num="316" count="0" type="stmt"/>
        <line num="317" count="0" type="stmt"/>
        <line num="318" count="0" type="stmt"/>
        <line num="319" count="0" type="stmt"/>
        <line num="320" count="0" type="stmt"/>
        <line num="321" count="0" type="stmt"/>
        <line num="322" count="0" type="stmt"/>
        <line num="323" count="0" type="stmt"/>
        <line num="325" count="0" type="stmt"/>
        <line num="326" count="0" type="stmt"/>
        <line num="332" count="17" type="stmt"/>
        <line num="333" count="17" type="stmt"/>
        <line num="336" count="17" type="stmt"/>
        <line num="337" count="51" type="stmt"/>
        <line num="340" count="34" type="stmt"/>
        <line num="343" count="17" type="stmt"/>
        <line num="344" count="17" type="stmt"/>
        <line num="345" count="51" type="cond" truecount="2" falsecount="1"/>
        <line num="346" count="0" type="stmt"/>
        <line num="348" count="51" type="stmt"/>
        <line num="350" count="17" type="stmt"/>
        <line num="357" count="59" type="stmt"/>
        <line num="362" count="37" type="cond" truecount="0" falsecount="1"/>
        <line num="363" count="0" type="stmt"/>
        <line num="364" count="0" type="stmt"/>
      </file>
      <file name="roomManager.ts" path="/home/kunon/apps/ricochet_robots/server/src/services/roomManager.ts">
        <metrics statements="68" coveredstatements="65" conditionals="24" coveredconditionals="20" methods="10" coveredmethods="10"/>
        <line num="3" count="1" type="stmt"/>
        <line num="4" count="1" type="stmt"/>
        <line num="5" count="1" type="stmt"/>
        <line num="10" count="1" type="stmt"/>
        <line num="14" count="18" type="stmt"/>
        <line num="18" count="15" type="stmt"/>
        <line num="20" count="15" type="stmt"/>
        <line num="21" count="15" type="stmt"/>
        <line num="24" count="15" type="stmt"/>
        <line num="26" count="15" type="stmt"/>
        <line num="51" count="15" type="stmt"/>
        <line num="52" count="15" type="stmt"/>
        <line num="66" count="15" type="stmt"/>
        <line num="69" count="15" type="stmt"/>
        <line num="71" count="15" type="stmt"/>
        <line num="76" count="5" type="stmt"/>
        <line num="77" count="5" type="cond" truecount="1" falsecount="0"/>
        <line num="78" count="1" type="stmt"/>
        <line num="81" count="4" type="cond" truecount="3" falsecount="0"/>
        <line num="82" count="1" type="stmt"/>
        <line num="85" count="3" type="cond" truecount="1" falsecount="0"/>
        <line num="86" count="1" type="stmt"/>
        <line num="89" count="2" type="cond" truecount="0" falsecount="1"/>
        <line num="90" count="0" type="stmt"/>
        <line num="94" count="2" type="stmt"/>
        <line num="95" count="2" type="stmt"/>
        <line num="96" count="2" type="stmt"/>
        <line num="97" count="2" type="stmt"/>
        <line num="99" count="2" type="stmt"/>
        <line num="100" count="2" type="stmt"/>
        <line num="101" count="2" type="stmt"/>
        <line num="105" count="3" type="stmt"/>
        <line num="106" count="3" type="cond" truecount="0" falsecount="1"/>
        <line num="107" count="0" type="stmt"/>
        <line num="110" count="3" type="stmt"/>
        <line num="111" count="3" type="cond" truecount="1" falsecount="0"/>
        <line num="112" count="1" type="stmt"/>
        <line num="115" count="2" type="stmt"/>
        <line num="116" count="2" type="stmt"/>
        <line num="119" count="2" type="stmt"/>
        <line num="122" count="2" type="cond" truecount="2" falsecount="0"/>
        <line num="123" count="1" type="stmt"/>
        <line num="126" count="1" type="cond" truecount="1" falsecount="0"/>
        <line num="127" count="1" type="stmt"/>
        <line num="128" count="1" type="cond" truecount="1" falsecount="0"/>
        <line num="129" count="1" type="stmt"/>
        <line num="130" count="1" type="stmt"/>
        <line num="135" count="2" type="stmt"/>
        <line num="139" count="2" type="stmt"/>
        <line num="151" count="6" type="stmt"/>
        <line num="155" count="3" type="stmt"/>
        <line num="156" count="3" type="cond" truecount="1" falsecount="0"/>
        <line num="158" count="1" type="stmt"/>
        <line num="159" count="1" type="stmt"/>
        <line num="163" count="2" type="stmt"/>
        <line num="164" count="2" type="cond" truecount="1" falsecount="0"/>
        <line num="166" count="1" type="stmt"/>
        <line num="167" count="1" type="stmt"/>
        <line num="171" count="1" type="stmt"/>
        <line num="172" count="1" type="cond" truecount="0" falsecount="1"/>
        <line num="173" count="0" type="stmt"/>
        <line num="175" count="1" type="stmt"/>
        <line num="180" count="2" type="stmt"/>
        <line num="181" count="2" type="stmt"/>
        <line num="183" count="2" type="stmt"/>
        <line num="184" count="2" type="cond" truecount="3" falsecount="0"/>
        <line num="185" count="1" type="stmt"/>
        <line num="186" count="1" type="stmt"/>
      </file>
    </package>
    <package name="types">
      <metrics statements="17" coveredstatements="17" conditionals="6" coveredconditionals="6" methods="3" coveredmethods="3"/>
      <file name="game.ts" path="/home/kunon/apps/ricochet_robots/server/src/types/game.ts">
        <metrics statements="17" coveredstatements="17" conditionals="6" coveredconditionals="6" methods="3" coveredmethods="3"/>
        <line num="8" count="2" type="cond" truecount="2" falsecount="0"/>
        <line num="9" count="2" type="stmt"/>
        <line num="10" count="2" type="stmt"/>
        <line num="11" count="2" type="stmt"/>
        <line num="12" count="2" type="stmt"/>
        <line num="18" count="2" type="cond" truecount="2" falsecount="0"/>
        <line num="19" count="2" type="stmt"/>
        <line num="20" count="2" type="stmt"/>
        <line num="21" count="2" type="stmt"/>
        <line num="22" count="2" type="stmt"/>
        <line num="23" count="2" type="stmt"/>
        <line num="26" count="2" type="cond" truecount="2" falsecount="0"/>
        <line num="27" count="2" type="stmt"/>
        <line num="28" count="2" type="stmt"/>
        <line num="29" count="2" type="stmt"/>
        <line num="30" count="2" type="stmt"/>
        <line num="83" count="2" type="stmt"/>
      </file>
    </package>
    <package name="utils">
      <metrics statements="4" coveredstatements="4" conditionals="0" coveredconditionals="0" methods="0" coveredmethods="0"/>
      <file name="constants.ts" path="/home/kunon/apps/ricochet_robots/server/src/utils/constants.ts">
        <metrics statements="4" coveredstatements="4" conditionals="0" coveredconditionals="0" methods="0" coveredmethods="0"/>
        <line num="1" count="2" type="stmt"/>
        <line num="5" count="2" type="stmt"/>
        <line num="15" count="2" type="stmt"/>
        <line num="25" count="2" type="stmt"/>
      </file>
    </package>
  </project>
</coverage>
