{"/home/kunon/apps/ricochet_robots/server/src/services/roomManager.ts": {"path":"/home/kunon/apps/ricochet_robots/server/src/services/roomManager.ts","statementMap":{"0":{"start":{"line":3,"column":0},"end":{"line":3,"column":36}},"1":{"start":{"line":9,"column":4},"end":{"line":9,"column":27}},"2":{"start":{"line":13,"column":19},"end":{"line":13,"column":27}},"3":{"start":{"line":15,"column":4},"end":{"line":15,"column":29}},"4":{"start":{"line":16,"column":23},"end":{"line":34,"column":6}},"5":{"start":{"line":36,"column":4},"end":{"line":36,"column":33}},"6":{"start":{"line":37,"column":4},"end":{"line":37,"column":16}},"7":{"start":{"line":41,"column":17},"end":{"line":41,"column":39}},"8":{"start":{"line":42,"column":4},"end":{"line":44,"column":5}},"9":{"start":{"line":43,"column":6},"end":{"line":43,"column":40}},"10":{"start":{"line":46,"column":4},"end":{"line":48,"column":5}},"11":{"start":{"line":47,"column":6},"end":{"line":47,"column":42}},"12":{"start":{"line":50,"column":4},"end":{"line":52,"column":5}},"13":{"start":{"line":51,"column":6},"end":{"line":51,"column":38}},"14":{"start":{"line":54,"column":4},"end":{"line":56,"column":5}},"15":{"start":{"line":55,"column":6},"end":{"line":55,"column":48}},"16":{"start":{"line":58,"column":27},"end":{"line":65,"column":6}},"17":{"start":{"line":67,"column":4},"end":{"line":67,"column":39}},"18":{"start":{"line":68,"column":4},"end":{"line":68,"column":35}},"19":{"start":{"line":69,"column":4},"end":{"line":69,"column":16}},"20":{"start":{"line":73,"column":17},"end":{"line":73,"column":39}},"21":{"start":{"line":74,"column":4},"end":{"line":76,"column":5}},"22":{"start":{"line":75,"column":6},"end":{"line":75,"column":40}},"23":{"start":{"line":78,"column":4},"end":{"line":80,"column":5}},"24":{"start":{"line":79,"column":6},"end":{"line":79,"column":44}},"25":{"start":{"line":82,"column":4},"end":{"line":82,"column":34}},"26":{"start":{"line":83,"column":4},"end":{"line":83,"column":35}},"27":{"start":{"line":86,"column":4},"end":{"line":94,"column":5}},"28":{"start":{"line":87,"column":6},"end":{"line":87,"column":32}},"29":{"start":{"line":90,"column":9},"end":{"line":94,"column":5}},"30":{"start":{"line":91,"column":22},"end":{"line":91,"column":58}},"31":{"start":{"line":92,"column":6},"end":{"line":92,"column":31}},"32":{"start":{"line":93,"column":6},"end":{"line":93,"column":28}},"33":{"start":{"line":96,"column":4},"end":{"line":96,"column":16}},"34":{"start":{"line":100,"column":4},"end":{"line":107,"column":8}},"35":{"start":{"line":100,"column":56},"end":{"line":107,"column":6}},"36":{"start":{"line":111,"column":4},"end":{"line":111,"column":34}},"37":{"start":{"line":115,"column":17},"end":{"line":115,"column":39}},"38":{"start":{"line":116,"column":4},"end":{"line":118,"column":5}},"39":{"start":{"line":117,"column":6},"end":{"line":117,"column":40}},"40":{"start":{"line":120,"column":19},"end":{"line":120,"column":45}},"41":{"start":{"line":121,"column":4},"end":{"line":123,"column":5}},"42":{"start":{"line":122,"column":6},"end":{"line":122,"column":42}},"43":{"start":{"line":125,"column":4},"end":{"line":125,"column":33}},"44":{"start":{"line":126,"column":4},"end":{"line":126,"column":35}},"45":{"start":{"line":131,"column":29},"end":{"line":131,"column":66}},"46":{"start":{"line":132,"column":4},"end":{"line":136,"column":5}},"47":{"start":{"line":133,"column":6},"end":{"line":135,"column":7}},"48":{"start":{"line":134,"column":8},"end":{"line":134,"column":34}},"49":{"start":{"line":5,"column":0},"end":{"line":5,"column":13}}},"fnMap":{"0":{"name":"(anonymous_0)","decl":{"start":{"line":8,"column":2},"end":{"line":8,"column":null}},"loc":{"start":{"line":8,"column":2},"end":{"line":10,"column":3}}},"1":{"name":"(anonymous_1)","decl":{"start":{"line":12,"column":2},"end":{"line":12,"column":12}},"loc":{"start":{"line":12,"column":53},"end":{"line":38,"column":3}}},"2":{"name":"(anonymous_2)","decl":{"start":{"line":40,"column":2},"end":{"line":40,"column":10}},"loc":{"start":{"line":40,"column":62},"end":{"line":70,"column":3}}},"3":{"name":"(anonymous_3)","decl":{"start":{"line":72,"column":2},"end":{"line":72,"column":11}},"loc":{"start":{"line":72,"column":44},"end":{"line":97,"column":3}}},"4":{"name":"(anonymous_4)","decl":{"start":{"line":99,"column":2},"end":{"line":99,"column":18}},"loc":{"start":{"line":99,"column":18},"end":{"line":108,"column":3}}},"5":{"name":"(anonymous_5)","decl":{"start":{"line":100,"column":47},"end":{"line":100,"column":51}},"loc":{"start":{"line":100,"column":56},"end":{"line":107,"column":6}}},"6":{"name":"(anonymous_6)","decl":{"start":{"line":110,"column":2},"end":{"line":110,"column":9}},"loc":{"start":{"line":110,"column":24},"end":{"line":112,"column":3}}},"7":{"name":"(anonymous_7)","decl":{"start":{"line":114,"column":2},"end":{"line":114,"column":24}},"loc":{"start":{"line":114,"column":77},"end":{"line":127,"column":3}}},"8":{"name":"(anonymous_8)","decl":{"start":{"line":130,"column":2},"end":{"line":130,"column":22}},"loc":{"start":{"line":130,"column":22},"end":{"line":137,"column":3}}}},"branchMap":{"0":{"loc":{"start":{"line":19,"column":16},"end":{"line":19,"column":40}},"type":"binary-expr","locations":[{"start":{"line":19,"column":16},"end":{"line":19,"column":32}},{"start":{"line":19,"column":36},"end":{"line":19,"column":40}}]},"1":{"loc":{"start":{"line":22,"column":18},"end":{"line":22,"column":41}},"type":"binary-expr","locations":[{"start":{"line":22,"column":18},"end":{"line":22,"column":36}},{"start":{"line":22,"column":40},"end":{"line":22,"column":41}}]},"2":{"loc":{"start":{"line":42,"column":4},"end":{"line":44,"column":5}},"type":"if","locations":[{"start":{"line":42,"column":4},"end":{"line":44,"column":5}}]},"3":{"loc":{"start":{"line":46,"column":4},"end":{"line":48,"column":5}},"type":"if","locations":[{"start":{"line":46,"column":4},"end":{"line":48,"column":5}}]},"4":{"loc":{"start":{"line":46,"column":8},"end":{"line":46,"column":51}},"type":"binary-expr","locations":[{"start":{"line":46,"column":8},"end":{"line":46,"column":21}},{"start":{"line":46,"column":25},"end":{"line":46,"column":51}}]},"5":{"loc":{"start":{"line":50,"column":4},"end":{"line":52,"column":5}},"type":"if","locations":[{"start":{"line":50,"column":4},"end":{"line":52,"column":5}}]},"6":{"loc":{"start":{"line":54,"column":4},"end":{"line":56,"column":5}},"type":"if","locations":[{"start":{"line":54,"column":4},"end":{"line":56,"column":5}}]},"7":{"loc":{"start":{"line":74,"column":4},"end":{"line":76,"column":5}},"type":"if","locations":[{"start":{"line":74,"column":4},"end":{"line":76,"column":5}}]},"8":{"loc":{"start":{"line":78,"column":4},"end":{"line":80,"column":5}},"type":"if","locations":[{"start":{"line":78,"column":4},"end":{"line":80,"column":5}}]},"9":{"loc":{"start":{"line":86,"column":4},"end":{"line":94,"column":5}},"type":"if","locations":[{"start":{"line":86,"column":4},"end":{"line":94,"column":5}},{"start":{"line":90,"column":9},"end":{"line":94,"column":5}}]},"10":{"loc":{"start":{"line":90,"column":9},"end":{"line":94,"column":5}},"type":"if","locations":[{"start":{"line":90,"column":9},"end":{"line":94,"column":5}}]},"11":{"loc":{"start":{"line":116,"column":4},"end":{"line":118,"column":5}},"type":"if","locations":[{"start":{"line":116,"column":4},"end":{"line":118,"column":5}}]},"12":{"loc":{"start":{"line":121,"column":4},"end":{"line":123,"column":5}},"type":"if","locations":[{"start":{"line":121,"column":4},"end":{"line":123,"column":5}}]},"13":{"loc":{"start":{"line":133,"column":6},"end":{"line":135,"column":7}},"type":"if","locations":[{"start":{"line":133,"column":6},"end":{"line":135,"column":7}}]}},"s":{"0":1,"1":18,"2":15,"3":15,"4":15,"5":15,"6":15,"7":5,"8":5,"9":1,"10":4,"11":1,"12":3,"13":1,"14":2,"15":0,"16":2,"17":2,"18":2,"19":2,"20":3,"21":3,"22":0,"23":3,"24":1,"25":2,"26":2,"27":2,"28":1,"29":1,"30":1,"31":1,"32":1,"33":2,"34":2,"35":1,"36":6,"37":3,"38":3,"39":1,"40":2,"41":2,"42":1,"43":1,"44":1,"45":2,"46":2,"47":2,"48":1,"49":1},"f":{"0":18,"1":15,"2":5,"3":3,"4":2,"5":1,"6":6,"7":3,"8":2},"b":{"0":[15,12],"1":[15,12],"2":[1],"3":[1],"4":[4,1],"5":[1],"6":[0],"7":[0],"8":[1],"9":[1,1],"10":[1],"11":[1],"12":[1],"13":[1]}}
}
