{"/home/kunon/apps/ricochet_robots/server/src/services/gameManager.ts": {"path":"/home/kunon/apps/ricochet_robots/server/src/services/gameManager.ts","statementMap":{"0":{"start":{"line":1,"column":0},"end":{"line":1,"column":153}},"1":{"start":{"line":12,"column":4},"end":{"line":12,"column":23}},"2":{"start":{"line":13,"column":4},"end":{"line":13,"column":27}},"3":{"start":{"line":14,"column":4},"end":{"line":14,"column":48}},"4":{"start":{"line":19,"column":25},"end":{"line":19,"column":59}},"5":{"start":{"line":20,"column":4},"end":{"line":26,"column":7}},"6":{"start":{"line":21,"column":6},"end":{"line":25,"column":9}},"7":{"start":{"line":28,"column":4},"end":{"line":38,"column":6}},"8":{"start":{"line":42,"column":4},"end":{"line":44,"column":5}},"9":{"start":{"line":43,"column":6},"end":{"line":43,"column":50}},"10":{"start":{"line":46,"column":4},"end":{"line":48,"column":5}},"11":{"start":{"line":47,"column":6},"end":{"line":47,"column":44}},"12":{"start":{"line":50,"column":4},"end":{"line":50,"column":100}},"13":{"start":{"line":51,"column":4},"end":{"line":51,"column":33}},"14":{"start":{"line":55,"column":4},"end":{"line":55,"column":19}},"15":{"start":{"line":56,"column":4},"end":{"line":56,"column":49}},"16":{"start":{"line":57,"column":4},"end":{"line":57,"column":40}},"17":{"start":{"line":58,"column":4},"end":{"line":58,"column":59}},"18":{"start":{"line":59,"column":4},"end":{"line":59,"column":47}},"19":{"start":{"line":62,"column":4},"end":{"line":64,"column":40}},"20":{"start":{"line":63,"column":6},"end":{"line":63,"column":33}},"21":{"start":{"line":68,"column":4},"end":{"line":68,"column":19}},"22":{"start":{"line":70,"column":4},"end":{"line":72,"column":5}},"23":{"start":{"line":71,"column":6},"end":{"line":71,"column":13}},"24":{"start":{"line":74,"column":4},"end":{"line":74,"column":36}},"25":{"start":{"line":75,"column":4},"end":{"line":75,"column":47}},"26":{"start":{"line":77,"column":4},"end":{"line":93,"column":13}},"27":{"start":{"line":78,"column":26},"end":{"line":78,"column":36}},"28":{"start":{"line":79,"column":24},"end":{"line":79,"column":53}},"29":{"start":{"line":81,"column":22},"end":{"line":81,"column":66}},"30":{"start":{"line":82,"column":24},"end":{"line":82,"column":55}},"31":{"start":{"line":85,"column":6},"end":{"line":87,"column":7}},"32":{"start":{"line":86,"column":8},"end":{"line":86,"column":41}},"33":{"start":{"line":89,"column":6},"end":{"line":92,"column":7}},"34":{"start":{"line":90,"column":8},"end":{"line":90,"column":23}},"35":{"start":{"line":91,"column":8},"end":{"line":91,"column":19}},"36":{"start":{"line":97,"column":4},"end":{"line":99,"column":5}},"37":{"start":{"line":98,"column":6},"end":{"line":98,"column":50}},"38":{"start":{"line":101,"column":4},"end":{"line":103,"column":5}},"39":{"start":{"line":102,"column":6},"end":{"line":102,"column":97}},"40":{"start":{"line":105,"column":37},"end":{"line":109,"column":6}},"41":{"start":{"line":111,"column":4},"end":{"line":111,"column":59}},"42":{"start":{"line":114,"column":4},"end":{"line":116,"column":5}},"43":{"start":{"line":115,"column":6},"end":{"line":115,"column":33}},"44":{"start":{"line":120,"column":4},"end":{"line":120,"column":19}},"45":{"start":{"line":122,"column":19},"end":{"line":122,"column":27}},"46":{"start":{"line":126,"column":4},"end":{"line":131,"column":7}},"47":{"start":{"line":127,"column":6},"end":{"line":130,"column":7}},"48":{"start":{"line":128,"column":8},"end":{"line":128,"column":37}},"49":{"start":{"line":129,"column":8},"end":{"line":129,"column":36}},"50":{"start":{"line":133,"column":4},"end":{"line":140,"column":5}},"51":{"start":{"line":135,"column":6},"end":{"line":135,"column":54}},"52":{"start":{"line":136,"column":6},"end":{"line":136,"column":32}},"53":{"start":{"line":139,"column":6},"end":{"line":139,"column":26}},"54":{"start":{"line":144,"column":4},"end":{"line":144,"column":19}},"55":{"start":{"line":145,"column":4},"end":{"line":145,"column":46}},"56":{"start":{"line":146,"column":4},"end":{"line":146,"column":36}},"57":{"start":{"line":147,"column":4},"end":{"line":147,"column":56}},"58":{"start":{"line":148,"column":4},"end":{"line":148,"column":47}},"59":{"start":{"line":151,"column":4},"end":{"line":153,"column":37}},"60":{"start":{"line":152,"column":6},"end":{"line":152,"column":33}},"61":{"start":{"line":157,"column":4},"end":{"line":159,"column":5}},"62":{"start":{"line":158,"column":6},"end":{"line":158,"column":47}},"63":{"start":{"line":161,"column":4},"end":{"line":163,"column":5}},"64":{"start":{"line":162,"column":6},"end":{"line":162,"column":39}},"65":{"start":{"line":165,"column":24},"end":{"line":165,"column":65}},"66":{"start":{"line":166,"column":4},"end":{"line":169,"column":5}},"67":{"start":{"line":168,"column":6},"end":{"line":168,"column":57}},"68":{"start":{"line":171,"column":4},"end":{"line":173,"column":5}},"69":{"start":{"line":172,"column":6},"end":{"line":172,"column":40}},"70":{"start":{"line":176,"column":4},"end":{"line":180,"column":7}},"71":{"start":{"line":183,"column":4},"end":{"line":185,"column":5}},"72":{"start":{"line":184,"column":6},"end":{"line":184,"column":36}},"73":{"start":{"line":192,"column":4},"end":{"line":192,"column":17}},"74":{"start":{"line":196,"column":4},"end":{"line":196,"column":19}},"75":{"start":{"line":198,"column":26},"end":{"line":198,"column":54}},"76":{"start":{"line":199,"column":4},"end":{"line":204,"column":5}},"77":{"start":{"line":200,"column":26},"end":{"line":200,"column":72}},"78":{"start":{"line":201,"column":6},"end":{"line":203,"column":7}},"79":{"start":{"line":202,"column":8},"end":{"line":202,"column":54}},"80":{"start":{"line":207,"column":4},"end":{"line":207,"column":24}},"81":{"start":{"line":211,"column":4},"end":{"line":211,"column":19}},"82":{"start":{"line":225,"column":4},"end":{"line":225,"column":28}},"83":{"start":{"line":229,"column":31},"end":{"line":229,"column":93}},"84":{"start":{"line":231,"column":19},"end":{"line":231,"column":27}},"85":{"start":{"line":234,"column":4},"end":{"line":250,"column":7}},"86":{"start":{"line":236,"column":6},"end":{"line":249,"column":7}},"87":{"start":{"line":238,"column":9},"end":{"line":248,"column":10}},"88":{"start":{"line":240,"column":12},"end":{"line":243,"column":13}},"89":{"start":{"line":241,"column":15},"end":{"line":241,"column":44}},"90":{"start":{"line":242,"column":15},"end":{"line":242,"column":39}},"91":{"start":{"line":244,"column":16},"end":{"line":248,"column":10}},"92":{"start":{"line":246,"column":13},"end":{"line":246,"column":42}},"93":{"start":{"line":247,"column":13},"end":{"line":247,"column":37}},"94":{"start":{"line":253,"column":4},"end":{"line":260,"column":5}},"95":{"start":{"line":255,"column":6},"end":{"line":255,"column":50}},"96":{"start":{"line":256,"column":6},"end":{"line":256,"column":32}},"97":{"start":{"line":259,"column":6},"end":{"line":259,"column":26}},"98":{"start":{"line":264,"column":4},"end":{"line":276,"column":5}},"99":{"start":{"line":265,"column":6},"end":{"line":265,"column":38}},"100":{"start":{"line":266,"column":6},"end":{"line":272,"column":7}},"101":{"start":{"line":268,"column":8},"end":{"line":268,"column":23}},"102":{"start":{"line":271,"column":8},"end":{"line":271,"column":37}},"103":{"start":{"line":275,"column":6},"end":{"line":275,"column":21}},"104":{"start":{"line":280,"column":4},"end":{"line":280,"column":19}},"105":{"start":{"line":281,"column":4},"end":{"line":281,"column":46}},"106":{"start":{"line":287,"column":4},"end":{"line":287,"column":33}},"107":{"start":{"line":292,"column":4},"end":{"line":295,"column":5}},"108":{"start":{"line":293,"column":6},"end":{"line":293,"column":40}},"109":{"start":{"line":294,"column":6},"end":{"line":294,"column":37}},"110":{"start":{"line":4,"column":0},"end":{"line":4,"column":13}}},"fnMap":{"0":{"name":"(anonymous_0)","decl":{"start":{"line":11,"column":2},"end":{"line":11,"column":14}},"loc":{"start":{"line":11,"column":70},"end":{"line":16,"column":3}}},"1":{"name":"(anonymous_1)","decl":{"start":{"line":18,"column":10},"end":{"line":18,"column":29}},"loc":{"start":{"line":18,"column":29},"end":{"line":39,"column":3}}},"2":{"name":"(anonymous_2)","decl":{"start":{"line":20,"column":25},"end":{"line":20,"column":31}},"loc":{"start":{"line":20,"column":34},"end":{"line":26,"column":5}}},"3":{"name":"(anonymous_3)","decl":{"start":{"line":41,"column":9},"end":{"line":41,"column":18}},"loc":{"start":{"line":41,"column":18},"end":{"line":52,"column":3}}},"4":{"name":"(anonymous_4)","decl":{"start":{"line":54,"column":10},"end":{"line":54,"column":31}},"loc":{"start":{"line":54,"column":31},"end":{"line":65,"column":3}}},"5":{"name":"(anonymous_5)","decl":{"start":{"line":62,"column":20},"end":{"line":62,"column":23}},"loc":{"start":{"line":62,"column":25},"end":{"line":64,"column":5}}},"6":{"name":"(anonymous_6)","decl":{"start":{"line":67,"column":10},"end":{"line":67,"column":20}},"loc":{"start":{"line":67,"column":59},"end":{"line":94,"column":3}}},"7":{"name":"(anonymous_7)","decl":{"start":{"line":77,"column":37},"end":{"line":77,"column":40}},"loc":{"start":{"line":77,"column":42},"end":{"line":93,"column":5}}},"8":{"name":"(anonymous_8)","decl":{"start":{"line":96,"column":9},"end":{"line":96,"column":21}},"loc":{"start":{"line":96,"column":53},"end":{"line":117,"column":3}}},"9":{"name":"(anonymous_9)","decl":{"start":{"line":119,"column":10},"end":{"line":119,"column":29}},"loc":{"start":{"line":119,"column":29},"end":{"line":141,"column":3}}},"10":{"name":"(anonymous_10)","decl":{"start":{"line":126,"column":40},"end":{"line":126,"column":41}},"loc":{"start":{"line":126,"column":66},"end":{"line":131,"column":5}}},"11":{"name":"(anonymous_11)","decl":{"start":{"line":143,"column":10},"end":{"line":143,"column":28}},"loc":{"start":{"line":143,"column":28},"end":{"line":154,"column":3}}},"12":{"name":"(anonymous_12)","decl":{"start":{"line":151,"column":20},"end":{"line":151,"column":23}},"loc":{"start":{"line":151,"column":25},"end":{"line":153,"column":5}}},"13":{"name":"(anonymous_13)","decl":{"start":{"line":156,"column":9},"end":{"line":156,"column":18}},"loc":{"start":{"line":156,"column":82},"end":{"line":187,"column":3}}},"14":{"name":"(anonymous_14)","decl":{"start":{"line":189,"column":10},"end":{"line":189,"column":19}},"loc":{"start":{"line":189,"column":19},"end":{"line":193,"column":3}}},"15":{"name":"(anonymous_15)","decl":{"start":{"line":195,"column":10},"end":{"line":195,"column":32}},"loc":{"start":{"line":195,"column":32},"end":{"line":208,"column":3}}},"16":{"name":"(anonymous_16)","decl":{"start":{"line":210,"column":10},"end":{"line":210,"column":29}},"loc":{"start":{"line":210,"column":29},"end":{"line":226,"column":3}}},"17":{"name":"(anonymous_17)","decl":{"start":{"line":228,"column":10},"end":{"line":228,"column":26}},"loc":{"start":{"line":228,"column":26},"end":{"line":261,"column":3}}},"18":{"name":"(anonymous_18)","decl":{"start":{"line":234,"column":40},"end":{"line":234,"column":41}},"loc":{"start":{"line":234,"column":66},"end":{"line":250,"column":5}}},"19":{"name":"(anonymous_19)","decl":{"start":{"line":263,"column":10},"end":{"line":263,"column":22}},"loc":{"start":{"line":263,"column":22},"end":{"line":277,"column":3}}},"20":{"name":"(anonymous_20)","decl":{"start":{"line":279,"column":10},"end":{"line":279,"column":17}},"loc":{"start":{"line":279,"column":17},"end":{"line":283,"column":3}}},"21":{"name":"(anonymous_21)","decl":{"start":{"line":285,"column":9},"end":{"line":285,"column":21}},"loc":{"start":{"line":285,"column":21},"end":{"line":288,"column":3}}},"22":{"name":"(anonymous_22)","decl":{"start":{"line":291,"column":9},"end":{"line":291,"column":16}},"loc":{"start":{"line":291,"column":16},"end":{"line":296,"column":3}}}},"branchMap":{"0":{"loc":{"start":{"line":11,"column":33},"end":{"line":11,"column":70}},"type":"default-arg","locations":[{"start":{"line":11,"column":52},"end":{"line":11,"column":70}}]},"1":{"loc":{"start":{"line":42,"column":4},"end":{"line":44,"column":5}},"type":"if","locations":[{"start":{"line":42,"column":4},"end":{"line":44,"column":5}}]},"2":{"loc":{"start":{"line":46,"column":4},"end":{"line":48,"column":5}},"type":"if","locations":[{"start":{"line":46,"column":4},"end":{"line":48,"column":5}}]},"3":{"loc":{"start":{"line":70,"column":4},"end":{"line":72,"column":5}},"type":"if","locations":[{"start":{"line":70,"column":4},"end":{"line":72,"column":5}}]},"4":{"loc":{"start":{"line":85,"column":6},"end":{"line":87,"column":7}},"type":"if","locations":[{"start":{"line":85,"column":6},"end":{"line":87,"column":7}}]},"5":{"loc":{"start":{"line":89,"column":6},"end":{"line":92,"column":7}},"type":"if","locations":[{"start":{"line":89,"column":6},"end":{"line":92,"column":7}}]},"6":{"loc":{"start":{"line":97,"column":4},"end":{"line":99,"column":5}},"type":"if","locations":[{"start":{"line":97,"column":4},"end":{"line":99,"column":5}}]},"7":{"loc":{"start":{"line":101,"column":4},"end":{"line":103,"column":5}},"type":"if","locations":[{"start":{"line":101,"column":4},"end":{"line":103,"column":5}}]},"8":{"loc":{"start":{"line":101,"column":8},"end":{"line":101,"column":66}},"type":"binary-expr","locations":[{"start":{"line":101,"column":8},"end":{"line":101,"column":35}},{"start":{"line":101,"column":39},"end":{"line":101,"column":66}}]},"9":{"loc":{"start":{"line":114,"column":4},"end":{"line":116,"column":5}},"type":"if","locations":[{"start":{"line":114,"column":4},"end":{"line":116,"column":5}}]},"10":{"loc":{"start":{"line":127,"column":6},"end":{"line":130,"column":7}},"type":"if","locations":[{"start":{"line":127,"column":6},"end":{"line":130,"column":7}}]},"11":{"loc":{"start":{"line":133,"column":4},"end":{"line":140,"column":5}},"type":"if","locations":[{"start":{"line":133,"column":4},"end":{"line":140,"column":5}},{"start":{"line":137,"column":11},"end":{"line":140,"column":5}}]},"12":{"loc":{"start":{"line":157,"column":4},"end":{"line":159,"column":5}},"type":"if","locations":[{"start":{"line":157,"column":4},"end":{"line":159,"column":5}}]},"13":{"loc":{"start":{"line":161,"column":4},"end":{"line":163,"column":5}},"type":"if","locations":[{"start":{"line":161,"column":4},"end":{"line":163,"column":5}}]},"14":{"loc":{"start":{"line":166,"column":4},"end":{"line":169,"column":5}},"type":"if","locations":[{"start":{"line":166,"column":4},"end":{"line":169,"column":5}}]},"15":{"loc":{"start":{"line":171,"column":4},"end":{"line":173,"column":5}},"type":"if","locations":[{"start":{"line":171,"column":4},"end":{"line":173,"column":5}}]},"16":{"loc":{"start":{"line":183,"column":4},"end":{"line":185,"column":5}},"type":"if","locations":[{"start":{"line":183,"column":4},"end":{"line":185,"column":5}}]},"17":{"loc":{"start":{"line":199,"column":4},"end":{"line":204,"column":5}},"type":"if","locations":[{"start":{"line":199,"column":4},"end":{"line":204,"column":5}}]},"18":{"loc":{"start":{"line":201,"column":6},"end":{"line":203,"column":7}},"type":"if","locations":[{"start":{"line":201,"column":6},"end":{"line":203,"column":7}}]},"19":{"loc":{"start":{"line":236,"column":6},"end":{"line":249,"column":7}},"type":"if","locations":[{"start":{"line":236,"column":6},"end":{"line":249,"column":7}}]},"20":{"loc":{"start":{"line":238,"column":9},"end":{"line":248,"column":10}},"type":"if","locations":[{"start":{"line":238,"column":9},"end":{"line":248,"column":10}},{"start":{"line":244,"column":16},"end":{"line":248,"column":10}}]},"21":{"loc":{"start":{"line":238,"column":13},"end":{"line":238,"column":79}},"type":"binary-expr","locations":[{"start":{"line":238,"column":13},"end":{"line":238,"column":31}},{"start":{"line":238,"column":35},"end":{"line":238,"column":79}}]},"22":{"loc":{"start":{"line":240,"column":12},"end":{"line":243,"column":13}},"type":"if","locations":[{"start":{"line":240,"column":12},"end":{"line":243,"column":13}}]},"23":{"loc":{"start":{"line":244,"column":16},"end":{"line":248,"column":10}},"type":"if","locations":[{"start":{"line":244,"column":16},"end":{"line":248,"column":10}}]},"24":{"loc":{"start":{"line":244,"column":20},"end":{"line":244,"column":71}},"type":"binary-expr","locations":[{"start":{"line":244,"column":20},"end":{"line":244,"column":39}},{"start":{"line":244,"column":43},"end":{"line":244,"column":71}}]},"25":{"loc":{"start":{"line":253,"column":4},"end":{"line":260,"column":5}},"type":"if","locations":[{"start":{"line":253,"column":4},"end":{"line":260,"column":5}},{"start":{"line":257,"column":11},"end":{"line":260,"column":5}}]},"26":{"loc":{"start":{"line":264,"column":4},"end":{"line":276,"column":5}},"type":"if","locations":[{"start":{"line":264,"column":4},"end":{"line":276,"column":5}},{"start":{"line":273,"column":11},"end":{"line":276,"column":5}}]},"27":{"loc":{"start":{"line":266,"column":6},"end":{"line":272,"column":7}},"type":"if","locations":[{"start":{"line":266,"column":6},"end":{"line":272,"column":7}},{"start":{"line":269,"column":13},"end":{"line":272,"column":7}}]},"28":{"loc":{"start":{"line":292,"column":4},"end":{"line":295,"column":5}},"type":"if","locations":[{"start":{"line":292,"column":4},"end":{"line":295,"column":5}}]}},"s":{"0":1,"1":14,"2":14,"3":14,"4":14,"5":14,"6":40,"7":14,"8":12,"9":0,"10":12,"11":1,"12":11,"13":11,"14":74,"15":74,"16":74,"17":74,"18":74,"19":74,"20":8,"21":135,"22":135,"23":0,"24":135,"25":135,"26":135,"27":640,"28":640,"29":640,"30":640,"31":640,"32":640,"33":640,"34":68,"35":68,"36":179,"37":2,"38":177,"39":0,"40":177,"41":177,"42":177,"43":59,"44":67,"45":67,"46":67,"47":177,"48":59,"49":59,"50":67,"51":59,"52":59,"53":8,"54":61,"55":61,"56":61,"57":61,"58":61,"59":61,"60":60,"61":1,"62":1,"63":0,"64":0,"65":0,"66":0,"67":0,"68":0,"69":0,"70":0,"71":0,"72":0,"73":0,"74":0,"75":0,"76":0,"77":0,"78":0,"79":0,"80":0,"81":60,"82":60,"83":60,"84":60,"85":60,"86":180,"87":120,"88":3,"89":2,"90":2,"91":117,"92":0,"93":0,"94":60,"95":2,"96":2,"97":58,"98":66,"99":66,"100":66,"101":3,"102":63,"103":0,"104":3,"105":3,"106":19,"107":481,"108":135,"109":135,"110":1},"f":{"0":14,"1":14,"2":40,"3":12,"4":74,"5":8,"6":135,"7":640,"8":179,"9":67,"10":177,"11":61,"12":60,"13":1,"14":0,"15":0,"16":60,"17":60,"18":180,"19":66,"20":3,"21":19,"22":481},"b":{"0":[0],"1":[0],"2":[1],"3":[0],"4":[640],"5":[68],"6":[2],"7":[0],"8":[177,177],"9":[59],"10":[59],"11":[59,8],"12":[1],"13":[0],"14":[0],"15":[0],"16":[0],"17":[0],"18":[0],"19":[120],"20":[3,117],"21":[120,120],"22":[2],"23":[0],"24":[117,0],"25":[2,58],"26":[66,0],"27":[3,63],"28":[135]}}
,"/home/kunon/apps/ricochet_robots/server/src/services/roomManager.ts": {"path":"/home/kunon/apps/ricochet_robots/server/src/services/roomManager.ts","statementMap":{"0":{"start":{"line":3,"column":0},"end":{"line":3,"column":36}},"1":{"start":{"line":9,"column":4},"end":{"line":9,"column":27}},"2":{"start":{"line":13,"column":19},"end":{"line":13,"column":27}},"3":{"start":{"line":15,"column":4},"end":{"line":15,"column":29}},"4":{"start":{"line":16,"column":23},"end":{"line":34,"column":6}},"5":{"start":{"line":36,"column":4},"end":{"line":36,"column":33}},"6":{"start":{"line":37,"column":4},"end":{"line":37,"column":16}},"7":{"start":{"line":41,"column":17},"end":{"line":41,"column":39}},"8":{"start":{"line":42,"column":4},"end":{"line":44,"column":5}},"9":{"start":{"line":43,"column":6},"end":{"line":43,"column":40}},"10":{"start":{"line":46,"column":4},"end":{"line":48,"column":5}},"11":{"start":{"line":47,"column":6},"end":{"line":47,"column":42}},"12":{"start":{"line":50,"column":4},"end":{"line":52,"column":5}},"13":{"start":{"line":51,"column":6},"end":{"line":51,"column":38}},"14":{"start":{"line":54,"column":4},"end":{"line":56,"column":5}},"15":{"start":{"line":55,"column":6},"end":{"line":55,"column":48}},"16":{"start":{"line":58,"column":27},"end":{"line":65,"column":6}},"17":{"start":{"line":67,"column":4},"end":{"line":67,"column":39}},"18":{"start":{"line":68,"column":4},"end":{"line":68,"column":35}},"19":{"start":{"line":69,"column":4},"end":{"line":69,"column":16}},"20":{"start":{"line":73,"column":17},"end":{"line":73,"column":39}},"21":{"start":{"line":74,"column":4},"end":{"line":76,"column":5}},"22":{"start":{"line":75,"column":6},"end":{"line":75,"column":40}},"23":{"start":{"line":78,"column":4},"end":{"line":80,"column":5}},"24":{"start":{"line":79,"column":6},"end":{"line":79,"column":44}},"25":{"start":{"line":82,"column":4},"end":{"line":82,"column":34}},"26":{"start":{"line":83,"column":4},"end":{"line":83,"column":35}},"27":{"start":{"line":86,"column":4},"end":{"line":94,"column":5}},"28":{"start":{"line":87,"column":6},"end":{"line":87,"column":32}},"29":{"start":{"line":90,"column":9},"end":{"line":94,"column":5}},"30":{"start":{"line":91,"column":22},"end":{"line":91,"column":58}},"31":{"start":{"line":92,"column":6},"end":{"line":92,"column":31}},"32":{"start":{"line":93,"column":6},"end":{"line":93,"column":28}},"33":{"start":{"line":96,"column":4},"end":{"line":96,"column":16}},"34":{"start":{"line":100,"column":4},"end":{"line":107,"column":8}},"35":{"start":{"line":100,"column":56},"end":{"line":107,"column":6}},"36":{"start":{"line":111,"column":4},"end":{"line":111,"column":34}},"37":{"start":{"line":115,"column":17},"end":{"line":115,"column":39}},"38":{"start":{"line":116,"column":4},"end":{"line":118,"column":5}},"39":{"start":{"line":117,"column":6},"end":{"line":117,"column":40}},"40":{"start":{"line":120,"column":19},"end":{"line":120,"column":45}},"41":{"start":{"line":121,"column":4},"end":{"line":123,"column":5}},"42":{"start":{"line":122,"column":6},"end":{"line":122,"column":42}},"43":{"start":{"line":125,"column":4},"end":{"line":125,"column":33}},"44":{"start":{"line":126,"column":4},"end":{"line":126,"column":35}},"45":{"start":{"line":131,"column":29},"end":{"line":131,"column":66}},"46":{"start":{"line":132,"column":4},"end":{"line":136,"column":5}},"47":{"start":{"line":133,"column":6},"end":{"line":135,"column":7}},"48":{"start":{"line":134,"column":8},"end":{"line":134,"column":34}},"49":{"start":{"line":5,"column":0},"end":{"line":5,"column":13}}},"fnMap":{"0":{"name":"(anonymous_0)","decl":{"start":{"line":8,"column":2},"end":{"line":8,"column":null}},"loc":{"start":{"line":8,"column":2},"end":{"line":10,"column":3}}},"1":{"name":"(anonymous_1)","decl":{"start":{"line":12,"column":2},"end":{"line":12,"column":12}},"loc":{"start":{"line":12,"column":53},"end":{"line":38,"column":3}}},"2":{"name":"(anonymous_2)","decl":{"start":{"line":40,"column":2},"end":{"line":40,"column":10}},"loc":{"start":{"line":40,"column":62},"end":{"line":70,"column":3}}},"3":{"name":"(anonymous_3)","decl":{"start":{"line":72,"column":2},"end":{"line":72,"column":11}},"loc":{"start":{"line":72,"column":44},"end":{"line":97,"column":3}}},"4":{"name":"(anonymous_4)","decl":{"start":{"line":99,"column":2},"end":{"line":99,"column":18}},"loc":{"start":{"line":99,"column":18},"end":{"line":108,"column":3}}},"5":{"name":"(anonymous_5)","decl":{"start":{"line":100,"column":47},"end":{"line":100,"column":51}},"loc":{"start":{"line":100,"column":56},"end":{"line":107,"column":6}}},"6":{"name":"(anonymous_6)","decl":{"start":{"line":110,"column":2},"end":{"line":110,"column":9}},"loc":{"start":{"line":110,"column":24},"end":{"line":112,"column":3}}},"7":{"name":"(anonymous_7)","decl":{"start":{"line":114,"column":2},"end":{"line":114,"column":24}},"loc":{"start":{"line":114,"column":77},"end":{"line":127,"column":3}}},"8":{"name":"(anonymous_8)","decl":{"start":{"line":130,"column":2},"end":{"line":130,"column":22}},"loc":{"start":{"line":130,"column":22},"end":{"line":137,"column":3}}}},"branchMap":{"0":{"loc":{"start":{"line":19,"column":16},"end":{"line":19,"column":40}},"type":"binary-expr","locations":[{"start":{"line":19,"column":16},"end":{"line":19,"column":32}},{"start":{"line":19,"column":36},"end":{"line":19,"column":40}}]},"1":{"loc":{"start":{"line":22,"column":18},"end":{"line":22,"column":41}},"type":"binary-expr","locations":[{"start":{"line":22,"column":18},"end":{"line":22,"column":36}},{"start":{"line":22,"column":40},"end":{"line":22,"column":41}}]},"2":{"loc":{"start":{"line":42,"column":4},"end":{"line":44,"column":5}},"type":"if","locations":[{"start":{"line":42,"column":4},"end":{"line":44,"column":5}}]},"3":{"loc":{"start":{"line":46,"column":4},"end":{"line":48,"column":5}},"type":"if","locations":[{"start":{"line":46,"column":4},"end":{"line":48,"column":5}}]},"4":{"loc":{"start":{"line":46,"column":8},"end":{"line":46,"column":51}},"type":"binary-expr","locations":[{"start":{"line":46,"column":8},"end":{"line":46,"column":21}},{"start":{"line":46,"column":25},"end":{"line":46,"column":51}}]},"5":{"loc":{"start":{"line":50,"column":4},"end":{"line":52,"column":5}},"type":"if","locations":[{"start":{"line":50,"column":4},"end":{"line":52,"column":5}}]},"6":{"loc":{"start":{"line":54,"column":4},"end":{"line":56,"column":5}},"type":"if","locations":[{"start":{"line":54,"column":4},"end":{"line":56,"column":5}}]},"7":{"loc":{"start":{"line":74,"column":4},"end":{"line":76,"column":5}},"type":"if","locations":[{"start":{"line":74,"column":4},"end":{"line":76,"column":5}}]},"8":{"loc":{"start":{"line":78,"column":4},"end":{"line":80,"column":5}},"type":"if","locations":[{"start":{"line":78,"column":4},"end":{"line":80,"column":5}}]},"9":{"loc":{"start":{"line":86,"column":4},"end":{"line":94,"column":5}},"type":"if","locations":[{"start":{"line":86,"column":4},"end":{"line":94,"column":5}},{"start":{"line":90,"column":9},"end":{"line":94,"column":5}}]},"10":{"loc":{"start":{"line":90,"column":9},"end":{"line":94,"column":5}},"type":"if","locations":[{"start":{"line":90,"column":9},"end":{"line":94,"column":5}}]},"11":{"loc":{"start":{"line":116,"column":4},"end":{"line":118,"column":5}},"type":"if","locations":[{"start":{"line":116,"column":4},"end":{"line":118,"column":5}}]},"12":{"loc":{"start":{"line":121,"column":4},"end":{"line":123,"column":5}},"type":"if","locations":[{"start":{"line":121,"column":4},"end":{"line":123,"column":5}}]},"13":{"loc":{"start":{"line":133,"column":6},"end":{"line":135,"column":7}},"type":"if","locations":[{"start":{"line":133,"column":6},"end":{"line":135,"column":7}}]}},"s":{"0":1,"1":18,"2":15,"3":15,"4":15,"5":15,"6":15,"7":5,"8":5,"9":1,"10":4,"11":1,"12":3,"13":1,"14":2,"15":0,"16":2,"17":2,"18":2,"19":2,"20":3,"21":3,"22":0,"23":3,"24":1,"25":2,"26":2,"27":2,"28":1,"29":1,"30":1,"31":1,"32":1,"33":2,"34":2,"35":1,"36":6,"37":3,"38":3,"39":1,"40":2,"41":2,"42":1,"43":1,"44":1,"45":2,"46":2,"47":2,"48":1,"49":1},"f":{"0":18,"1":15,"2":5,"3":3,"4":2,"5":1,"6":6,"7":3,"8":2},"b":{"0":[15,12],"1":[15,12],"2":[1],"3":[1],"4":[4,1],"5":[1],"6":[0],"7":[0],"8":[1],"9":[1,1],"10":[1],"11":[1],"12":[1],"13":[1]}}
,"/home/kunon/apps/ricochet_robots/server/src/types/game.ts": {"path":"/home/kunon/apps/ricochet_robots/server/src/types/game.ts","statementMap":{"0":{"start":{"line":8,"column":0},"end":{"line":8,"column":null}},"1":{"start":{"line":9,"column":2},"end":{"line":9,"column":null}},"2":{"start":{"line":10,"column":2},"end":{"line":10,"column":null}},"3":{"start":{"line":11,"column":2},"end":{"line":11,"column":null}},"4":{"start":{"line":12,"column":2},"end":{"line":12,"column":null}},"5":{"start":{"line":15,"column":0},"end":{"line":15,"column":null}},"6":{"start":{"line":16,"column":2},"end":{"line":16,"column":null}},"7":{"start":{"line":17,"column":2},"end":{"line":17,"column":null}},"8":{"start":{"line":18,"column":2},"end":{"line":18,"column":null}},"9":{"start":{"line":19,"column":2},"end":{"line":19,"column":null}},"10":{"start":{"line":68,"column":13},"end":{"line":76,"column":2}}},"fnMap":{"0":{"name":"(anonymous_0)","decl":{"start":{"line":8,"column":0},"end":{"line":8,"column":12}},"loc":{"start":{"line":8,"column":22},"end":{"line":13,"column":1}}},"1":{"name":"(anonymous_1)","decl":{"start":{"line":15,"column":0},"end":{"line":15,"column":12}},"loc":{"start":{"line":15,"column":21},"end":{"line":20,"column":1}}}},"branchMap":{"0":{"loc":{"start":{"line":8,"column":12},"end":{"line":8,"column":null}},"type":"binary-expr","locations":[{"start":{"line":8,"column":12},"end":{"line":8,"column":22}},{"start":{"line":8,"column":22},"end":{"line":8,"column":null}}]},"1":{"loc":{"start":{"line":15,"column":12},"end":{"line":15,"column":null}},"type":"binary-expr","locations":[{"start":{"line":15,"column":12},"end":{"line":15,"column":21}},{"start":{"line":15,"column":21},"end":{"line":15,"column":null}}]}},"s":{"0":1,"1":1,"2":1,"3":1,"4":1,"5":1,"6":1,"7":1,"8":1,"9":1,"10":1},"f":{"0":1,"1":1},"b":{"0":[1,1],"1":[1,1]}}
}
