TN:
SF:src/services/gameManager.ts
FN:11,(anonymous_0)
FN:18,(anonymous_1)
FN:20,(anonymous_2)
FN:41,(anonymous_3)
FN:54,(anonymous_4)
FN:62,(anonymous_5)
FN:67,(anonymous_6)
FN:77,(anonymous_7)
FN:96,(anonymous_8)
FN:119,(anonymous_9)
FN:126,(anonymous_10)
FN:134,(anonymous_11)
FN:147,(anonymous_12)
FN:155,(anonymous_13)
FN:160,(anonymous_14)
FN:193,(anonymous_15)
FN:199,(anonymous_16)
FN:214,(anonymous_17)
FN:227,(anonymous_18)
FN:243,(anonymous_19)
FN:259,(anonymous_20)
FN:265,(anonymous_21)
FN:268,(anonymous_22)
FN:272,(anonymous_23)
FN:280,(anonymous_24)
FN:286,(anonymous_25)
FNF:26
FNH:24
FNDA:19,(anonymous_0)
FNDA:19,(anonymous_1)
FNDA:55,(anonymous_2)
FNDA:17,(anonymous_3)
FNDA:70,(anonymous_4)
FNDA:62,(anonymous_5)
FNDA:136,(anonymous_6)
FNDA:930,(anonymous_7)
FNDA:74,(anonymous_8)
FNDA:62,(anonymous_9)
FNDA:14,(anonymous_10)
FNDA:69,(anonymous_11)
FNDA:66,(anonymous_12)
FNDA:62,(anonymous_13)
FNDA:1,(anonymous_14)
FNDA:0,(anonymous_15)
FNDA:0,(anonymous_16)
FNDA:62,(anonymous_17)
FNDA:69,(anonymous_18)
FNDA:58,(anonymous_19)
FNDA:4,(anonymous_20)
FNDA:12,(anonymous_21)
FNDA:9,(anonymous_22)
FNDA:12,(anonymous_23)
FNDA:245,(anonymous_24)
FNDA:542,(anonymous_25)
DA:1,1
DA:4,1
DA:12,19
DA:13,19
DA:14,19
DA:19,19
DA:20,19
DA:21,55
DA:28,19
DA:42,17
DA:43,0
DA:46,17
DA:47,1
DA:50,16
DA:51,16
DA:55,70
DA:56,70
DA:57,70
DA:58,70
DA:59,70
DA:62,70
DA:63,62
DA:68,136
DA:70,136
DA:71,0
DA:74,136
DA:75,136
DA:77,136
DA:78,930
DA:79,930
DA:81,930
DA:82,930
DA:85,930
DA:86,930
DA:89,930
DA:90,124
DA:91,124
DA:97,74
DA:98,2
DA:101,72
DA:102,2
DA:105,70
DA:111,70
DA:120,62
DA:123,62
DA:126,62
DA:127,14
DA:128,10
DA:130,4
DA:134,69
DA:137,62
DA:139,61
DA:140,61
DA:143,1
DA:148,66
DA:149,66
DA:150,66
DA:151,66
DA:152,66
DA:155,66
DA:156,62
DA:161,1
DA:162,1
DA:165,0
DA:166,0
DA:169,0
DA:170,0
DA:172,0
DA:175,0
DA:176,0
DA:180,0
DA:187,0
DA:188,0
DA:196,0
DA:200,0
DA:202,0
DA:203,0
DA:204,0
DA:205,0
DA:206,0
DA:211,0
DA:215,62
DA:217,62
DA:218,62
DA:220,0
DA:221,0
DA:226,62
DA:227,69
DA:231,62
DA:233,5
DA:234,5
DA:237,57
DA:244,58
DA:245,58
DA:246,58
DA:248,4
DA:251,54
DA:255,0
DA:260,4
DA:261,4
DA:264,4
DA:265,12
DA:268,9
DA:271,4
DA:272,4
DA:273,12
DA:274,1
DA:276,12
DA:282,245
DA:287,542
DA:288,136
DA:289,136
LF:112
LH:89
BRDA:11,0,0,0
BRDA:42,1,0,0
BRDA:46,2,0,1
BRDA:70,3,0,0
BRDA:85,4,0,930
BRDA:89,5,0,124
BRDA:97,6,0,2
BRDA:101,7,0,2
BRDA:101,8,0,72
BRDA:101,8,1,71
BRDA:127,9,0,10
BRDA:137,10,0,61
BRDA:137,10,1,1
BRDA:161,11,0,1
BRDA:165,12,0,0
BRDA:170,13,0,0
BRDA:175,14,0,0
BRDA:187,15,0,0
BRDA:203,16,0,0
BRDA:205,17,0,0
BRDA:218,18,0,0
BRDA:226,19,0,62
BRDA:231,20,0,5
BRDA:231,20,1,57
BRDA:231,21,0,62
BRDA:231,21,1,62
BRDA:244,22,0,58
BRDA:244,22,1,0
BRDA:246,23,0,4
BRDA:246,23,1,54
BRDA:273,24,0,1
BRDA:273,25,0,12
BRDA:273,25,1,8
BRDA:287,26,0,136
BRF:34
BRH:23
end_of_record
TN:
SF:src/services/roomManager.ts
FN:8,(anonymous_0)
FN:12,(anonymous_1)
FN:40,(anonymous_2)
FN:72,(anonymous_3)
FN:99,(anonymous_4)
FN:100,(anonymous_5)
FN:110,(anonymous_6)
FN:114,(anonymous_7)
FN:130,(anonymous_8)
FNF:9
FNH:9
FNDA:18,(anonymous_0)
FNDA:15,(anonymous_1)
FNDA:5,(anonymous_2)
FNDA:3,(anonymous_3)
FNDA:2,(anonymous_4)
FNDA:1,(anonymous_5)
FNDA:6,(anonymous_6)
FNDA:3,(anonymous_7)
FNDA:2,(anonymous_8)
DA:3,1
DA:5,1
DA:9,18
DA:13,15
DA:15,15
DA:16,15
DA:36,15
DA:37,15
DA:41,5
DA:42,5
DA:43,1
DA:46,4
DA:47,1
DA:50,3
DA:51,1
DA:54,2
DA:55,0
DA:58,2
DA:67,2
DA:68,2
DA:69,2
DA:73,3
DA:74,3
DA:75,0
DA:78,3
DA:79,1
DA:82,2
DA:83,2
DA:86,2
DA:87,1
DA:90,1
DA:91,1
DA:92,1
DA:93,1
DA:96,2
DA:100,2
DA:111,6
DA:115,3
DA:116,3
DA:117,1
DA:120,2
DA:121,2
DA:122,1
DA:125,1
DA:126,1
DA:131,2
DA:132,2
DA:133,2
DA:134,1
LF:49
LH:47
BRDA:19,0,0,15
BRDA:19,0,1,12
BRDA:22,1,0,15
BRDA:22,1,1,12
BRDA:42,2,0,1
BRDA:46,3,0,1
BRDA:46,4,0,4
BRDA:46,4,1,1
BRDA:50,5,0,1
BRDA:54,6,0,0
BRDA:74,7,0,0
BRDA:78,8,0,1
BRDA:86,9,0,1
BRDA:86,9,1,1
BRDA:90,10,0,1
BRDA:116,11,0,1
BRDA:121,12,0,1
BRDA:133,13,0,1
BRF:18
BRH:16
end_of_record
TN:
SF:src/types/game.ts
FN:8,(anonymous_0)
FN:15,(anonymous_1)
FNF:2
FNH:2
FNDA:1,(anonymous_0)
FNDA:1,(anonymous_1)
DA:8,1
DA:9,1
DA:10,1
DA:11,1
DA:12,1
DA:15,1
DA:16,1
DA:17,1
DA:18,1
DA:19,1
DA:70,1
LF:11
LH:11
BRDA:8,0,0,1
BRDA:8,0,1,1
BRDA:15,1,0,1
BRDA:15,1,1,1
BRF:4
BRH:4
end_of_record
