TN:
SF:src/services/gameManager.ts
FN:11,(anonymous_0)
FN:18,(anonymous_1)
FN:20,(anonymous_2)
FN:41,(anonymous_3)
FN:54,(anonymous_4)
FN:62,(anonymous_5)
FN:67,(anonymous_6)
FN:77,(anonymous_7)
FN:96,(anonymous_8)
FN:119,(anonymous_9)
FN:126,(anonymous_10)
FN:134,(anonymous_11)
FN:147,(anonymous_12)
FN:155,(anonymous_13)
FN:160,(anonymous_14)
FN:193,(anonymous_15)
FN:199,(anonymous_16)
FN:214,(anonymous_17)
FN:226,(anonymous_18)
FN:242,(anonymous_19)
FN:258,(anonymous_20)
FN:264,(anonymous_21)
FN:270,(anonymous_22)
FNF:23
FNH:21
FNDA:18,(anonymous_0)
FNDA:18,(anonymous_1)
FNDA:52,(anonymous_2)
FNDA:16,(anonymous_3)
FNDA:69,(anonymous_4)
FNDA:61,(anonymous_5)
FNDA:134,(anonymous_6)
FNDA:915,(anonymous_7)
FNDA:73,(anonymous_8)
FNDA:61,(anonymous_9)
FNDA:14,(anonymous_10)
FNDA:68,(anonymous_11)
FNDA:65,(anonymous_12)
FNDA:61,(anonymous_13)
FNDA:1,(anonymous_14)
FNDA:0,(anonymous_15)
FNDA:0,(anonymous_16)
FNDA:61,(anonymous_17)
FNDA:68,(anonymous_18)
FNDA:57,(anonymous_19)
FNDA:3,(anonymous_20)
FNDA:240,(anonymous_21)
FNDA:532,(anonymous_22)
DA:1,1
DA:4,1
DA:12,18
DA:13,18
DA:14,18
DA:19,18
DA:20,18
DA:21,52
DA:28,18
DA:42,16
DA:43,0
DA:46,16
DA:47,1
DA:50,15
DA:51,15
DA:55,69
DA:56,69
DA:57,69
DA:58,69
DA:59,69
DA:62,69
DA:63,61
DA:68,134
DA:70,134
DA:71,0
DA:74,134
DA:75,134
DA:77,134
DA:78,915
DA:79,915
DA:81,915
DA:82,915
DA:85,915
DA:86,915
DA:89,915
DA:90,122
DA:91,122
DA:97,73
DA:98,2
DA:101,71
DA:102,2
DA:105,69
DA:111,69
DA:120,61
DA:123,61
DA:126,61
DA:127,14
DA:128,10
DA:130,4
DA:134,68
DA:137,61
DA:139,60
DA:140,60
DA:143,1
DA:148,65
DA:149,65
DA:150,65
DA:151,65
DA:152,65
DA:155,65
DA:156,61
DA:161,1
DA:162,1
DA:165,0
DA:166,0
DA:169,0
DA:170,0
DA:172,0
DA:175,0
DA:176,0
DA:180,0
DA:187,0
DA:188,0
DA:196,0
DA:200,0
DA:202,0
DA:203,0
DA:204,0
DA:205,0
DA:206,0
DA:211,0
DA:215,61
DA:217,61
DA:218,61
DA:220,0
DA:221,0
DA:225,61
DA:226,68
DA:230,61
DA:232,5
DA:233,5
DA:236,56
DA:243,57
DA:244,57
DA:245,57
DA:247,3
DA:250,54
DA:254,0
DA:259,3
DA:260,3
DA:266,240
DA:271,532
DA:272,134
DA:273,134
LF:104
LH:81
BRDA:11,0,0,0
BRDA:42,1,0,0
BRDA:46,2,0,1
BRDA:70,3,0,0
BRDA:85,4,0,915
BRDA:89,5,0,122
BRDA:97,6,0,2
BRDA:101,7,0,2
BRDA:101,8,0,71
BRDA:101,8,1,70
BRDA:127,9,0,10
BRDA:137,10,0,60
BRDA:137,10,1,1
BRDA:161,11,0,1
BRDA:165,12,0,0
BRDA:170,13,0,0
BRDA:175,14,0,0
BRDA:187,15,0,0
BRDA:203,16,0,0
BRDA:205,17,0,0
BRDA:218,18,0,0
BRDA:225,19,0,61
BRDA:230,20,0,5
BRDA:230,20,1,56
BRDA:230,21,0,61
BRDA:230,21,1,61
BRDA:243,22,0,57
BRDA:243,22,1,0
BRDA:245,23,0,3
BRDA:245,23,1,54
BRDA:271,24,0,134
BRF:31
BRH:20
end_of_record
TN:
SF:src/services/roomManager.ts
FN:8,(anonymous_0)
FN:12,(anonymous_1)
FN:40,(anonymous_2)
FN:72,(anonymous_3)
FN:99,(anonymous_4)
FN:100,(anonymous_5)
FN:110,(anonymous_6)
FN:114,(anonymous_7)
FN:130,(anonymous_8)
FNF:9
FNH:9
FNDA:18,(anonymous_0)
FNDA:15,(anonymous_1)
FNDA:5,(anonymous_2)
FNDA:3,(anonymous_3)
FNDA:2,(anonymous_4)
FNDA:1,(anonymous_5)
FNDA:6,(anonymous_6)
FNDA:3,(anonymous_7)
FNDA:2,(anonymous_8)
DA:3,1
DA:5,1
DA:9,18
DA:13,15
DA:15,15
DA:16,15
DA:36,15
DA:37,15
DA:41,5
DA:42,5
DA:43,1
DA:46,4
DA:47,1
DA:50,3
DA:51,1
DA:54,2
DA:55,0
DA:58,2
DA:67,2
DA:68,2
DA:69,2
DA:73,3
DA:74,3
DA:75,0
DA:78,3
DA:79,1
DA:82,2
DA:83,2
DA:86,2
DA:87,1
DA:90,1
DA:91,1
DA:92,1
DA:93,1
DA:96,2
DA:100,2
DA:111,6
DA:115,3
DA:116,3
DA:117,1
DA:120,2
DA:121,2
DA:122,1
DA:125,1
DA:126,1
DA:131,2
DA:132,2
DA:133,2
DA:134,1
LF:49
LH:47
BRDA:19,0,0,15
BRDA:19,0,1,12
BRDA:22,1,0,15
BRDA:22,1,1,12
BRDA:42,2,0,1
BRDA:46,3,0,1
BRDA:46,4,0,4
BRDA:46,4,1,1
BRDA:50,5,0,1
BRDA:54,6,0,0
BRDA:74,7,0,0
BRDA:78,8,0,1
BRDA:86,9,0,1
BRDA:86,9,1,1
BRDA:90,10,0,1
BRDA:116,11,0,1
BRDA:121,12,0,1
BRDA:133,13,0,1
BRF:18
BRH:16
end_of_record
TN:
SF:src/types/game.ts
FN:8,(anonymous_0)
FN:15,(anonymous_1)
FNF:2
FNH:2
FNDA:1,(anonymous_0)
FNDA:1,(anonymous_1)
DA:8,1
DA:9,1
DA:10,1
DA:11,1
DA:12,1
DA:15,1
DA:16,1
DA:17,1
DA:18,1
DA:19,1
DA:69,1
LF:11
LH:11
BRDA:8,0,0,1
BRDA:8,0,1,1
BRDA:15,1,0,1
BRDA:15,1,1,1
BRF:4
BRH:4
end_of_record
